Arguments: 
  /Users/home/.nvm/versions/node/v10.13.0/bin/node /Users/home/.nvm/versions/node/v10.13.0/bin/yarn add babel-preset-react@6.24.1 babel-presetpenv@1.5.2

PATH: 
  /Users/home/.nvm/versions/node/v10.13.0/bin:/Users/home/.rvm/gems/ruby-2.5.1/bin:/Users/home/.rvm/gems/ruby-2.5.1@global/bin:/Users/home/.rvm/rubies/ruby-2.5.1/bin:/Applications/Postgres.app/Contents/Versions/latest/bin:/usr/local:/usr/local/bin:/usr/local/sbin:/usr/bin:/usr/local/bin:/usr/bin:/bin:/usr/sbin:/sbin:/Users/home/.rvm/gems/ruby-2.5.1/bin:/Users/home/.rvm/gems/ruby-2.5.1@global/bin:/Users/home/.rvm/rubies/ruby-2.5.1/bin:/Applications/Postgres.app/Contents/Versions/latest/bin:/usr/local:/usr/local/sbin:/Users/home/.rvm/bin

Yarn version: 
  1.13.0

Node version: 
  10.13.0

Platform: 
  darwin x64

Trace: 
  Error: https://registry.yarnpkg.com/babel-presetpenv: Not found
      at Request.params.callback [as _callback] (/Users/home/.nvm/versions/node/v10.13.0/lib/node_modules/yarn/lib/cli.js:66255:18)
      at Request.self.callback (/Users/home/.nvm/versions/node/v10.13.0/lib/node_modules/yarn/lib/cli.js:129397:22)
      at Request.emit (events.js:182:13)
      at Request.<anonymous> (/Users/home/.nvm/versions/node/v10.13.0/lib/node_modules/yarn/lib/cli.js:130369:10)
      at Request.emit (events.js:182:13)
      at IncomingMessage.<anonymous> (/Users/home/.nvm/versions/node/v10.13.0/lib/node_modules/yarn/lib/cli.js:130291:12)
      at Object.onceWrapper (events.js:273:13)
      at IncomingMessage.emit (events.js:187:15)
      at endReadableNT (_stream_readable.js:1094:12)
      at process._tickCallback (internal/process/next_tick.js:63:19)

npm manifest: 
  {
    "name": "indecision-app",
    "version": "1.0.0",
    "main": "index.js",
    "repository": "git@github.com:Suoakira/indecision-app.git",
    "author": "<github username> <suoarik@gmail.com>",
    "license": "MIT"
  }

yarn manifest: 
  No manifest

Lockfile: 
  No lockfile
